2020-06-13 13:16:16.198 INFO  821  --- [ restartedMain ] com.example.demo.Application - Starting Application on gon-PC with PID 23844 (C:\STS\sts-4.6.2.RELEASE\workspace\demo.myBatis.GW\bin\main started by gon in C:\STS\sts-4.6.2.RELEASE\workspace\demo.myBatis.GW)
2020-06-13 13:16:16.201 INFO  824  --- [ restartedMain ] com.example.demo.Application - No active profile set, falling back to default profiles: default
2020-06-13 13:16:16.262 INFO  885  --- [ restartedMain ] o.s.b.d.e.DevToolsPropertyDefaultsPostProcessor - Devtools property defaults active! Set 'spring.devtools.add-properties' to 'false' to disable
2020-06-13 13:16:16.262 INFO  885  --- [ restartedMain ] o.s.b.d.e.DevToolsPropertyDefaultsPostProcessor - For additional web related logging consider setting the 'logging.level.web' property to 'DEBUG'
2020-06-13 13:16:17.192 WARN  1815 --- [ restartedMain ] o.m.s.mapper.ClassPathMapperScanner - Skipping MapperFactoryBean with name 'libraryMapper' and 'com.example.demo.repository.h2db.library.LibraryMapper' mapperInterface. Bean already defined with the same name!
2020-06-13 13:16:17.193 WARN  1816 --- [ restartedMain ] o.m.s.mapper.ClassPathMapperScanner - Skipping MapperFactoryBean with name 'cityMapper' and 'com.example.demo.repository.mariadb.city.CityMapper' mapperInterface. Bean already defined with the same name!
2020-06-13 13:16:17.193 WARN  1816 --- [ restartedMain ] o.m.s.mapper.ClassPathMapperScanner - No MyBatis mapper was found in '[com.example.demo.repository]' package. Please check your configuration.
2020-06-13 13:16:17.701 INFO  2324 --- [ restartedMain ] o.s.b.w.e.tomcat.TomcatWebServer - Tomcat initialized with port(s): 8080 (http)
2020-06-13 13:16:17.717 INFO  2340 --- [ restartedMain ] o.a.coyote.http11.Http11NioProtocol - Initializing ProtocolHandler ["http-nio-8080"]
2020-06-13 13:16:17.718 INFO  2341 --- [ restartedMain ] o.a.catalina.core.StandardService - Starting service [Tomcat]
2020-06-13 13:16:17.718 INFO  2341 --- [ restartedMain ] o.a.catalina.core.StandardEngine - Starting Servlet engine: [Apache Tomcat/9.0.35]
2020-06-13 13:16:17.808 INFO  2431 --- [ restartedMain ] o.a.c.c.C.[Tomcat].[localhost].[/] - Initializing Spring embedded WebApplicationContext
2020-06-13 13:16:17.809 INFO  2432 --- [ restartedMain ] o.s.web.context.ContextLoader - Root WebApplicationContext: initialization completed in 1546 ms
2020-06-13 13:16:17.894 INFO  2517 --- [ restartedMain ] com.zaxxer.hikari.HikariDataSource - HikariPool-1 - Starting...
2020-06-13 13:16:17.949 INFO  2572 --- [ restartedMain ] com.zaxxer.hikari.HikariDataSource - HikariPool-1 - Start completed.
2020-06-13 13:16:17.956 INFO  2579 --- [ restartedMain ] o.s.b.a.h.H2ConsoleAutoConfiguration - H2 console available at '/h2-console'. Database available at 'jdbc:mariadb://localhost:3306/sb_mariadb_test?characterEncoding=utf8'
2020-06-13 13:16:18.418 INFO  3041 --- [ restartedMain ] o.s.s.c.ThreadPoolTaskExecutor - Initializing ExecutorService 'applicationTaskExecutor'
2020-06-13 13:16:18.500 INFO  3123 --- [ restartedMain ] o.s.b.a.w.s.WelcomePageHandlerMapping - Adding welcome page: class path resource [static/index.html]
2020-06-13 13:16:18.684 INFO  3307 --- [ restartedMain ] o.s.b.d.a.OptionalLiveReloadServer - LiveReload server is running on port 35729
2020-06-13 13:16:18.708 INFO  3331 --- [ restartedMain ] o.a.coyote.http11.Http11NioProtocol - Starting ProtocolHandler ["http-nio-8080"]
2020-06-13 13:16:18.742 INFO  3365 --- [ restartedMain ] o.s.b.w.e.tomcat.TomcatWebServer - Tomcat started on port(s): 8080 (http) with context path ''
2020-06-13 13:16:18.765 INFO  3388 --- [ restartedMain ] com.example.demo.Application - Started Application in 3.131 seconds (JVM running for 5.487)
2020-06-13 13:19:56.014 INFO  220637 --- [ RMI TCP Connection(2)-127.0.0.1 ] o.s.b.a.SpringApplicationAdminMXBeanRegistrar$SpringApplicationAdmin - Application shutdown requested.
2020-06-13 13:19:57.581 INFO  222204 --- [ RMI TCP Connection(2)-127.0.0.1 ] o.s.s.c.ThreadPoolTaskExecutor - Shutting down ExecutorService 'applicationTaskExecutor'
2020-06-13 13:19:57.582 INFO  222205 --- [ RMI TCP Connection(2)-127.0.0.1 ] com.zaxxer.hikari.HikariDataSource - HikariPool-1 - Shutdown initiated...
2020-06-13 13:19:57.587 INFO  222210 --- [ RMI TCP Connection(2)-127.0.0.1 ] com.zaxxer.hikari.HikariDataSource - HikariPool-1 - Shutdown completed.
